2017-06-16 11:49:23.007: INFO: training.main: ===================================================
2017-06-16 11:49:23.007: INFO: training.main: With dropout = 0.5
2017-06-16 11:49:23.009: INFO: training.main: ===================================================
2017-06-16 11:49:23.011: INFO: training.train: Started training on dataset: "dataset-1.txt", network=cnn, batch_size=40, k=5, savedir="./models/"
2017-06-16 11:49:23.011: INFO: dataset.__init__: Preparing dataset: "dataset-1.txt" ...
2017-06-16 11:49:57.895: INFO: cnn.train: ===================================================
2017-06-16 11:49:57.896: INFO: cnn.train: Training network: "./models\cnn-0" ...
2017-06-16 11:49:57.897: INFO: cnn.train: Preparing parameters and model...
2017-06-16 11:49:59.099: INFO: cnn.train: Running session...
2017-06-16 11:50:17.985: INFO: cnn.train: All 9 batches were used for training.
2017-06-16 11:50:17.985: INFO: cnn.train: Optimization Finished.
2017-06-16 11:50:17.986: INFO: cnn.train: Testing accuracy on training set: 
2017-06-16 11:50:19.754: INFO: cnn.train: Acc on TRAIN set: 0.202703
2017-06-16 11:50:22.687: INFO: cnn.train: Model saved in file: ./models\cnn-0
2017-06-16 11:50:22.730: INFO: testing.test: ===================================================
2017-06-16 11:50:22.730: INFO: testing.test: Testing network:  "./models\cnn-0" ...
2017-06-16 11:50:24.115: INFO: saver.restore: Restoring parameters from ./models\cnn-0
2017-06-16 11:50:26.283: INFO: testing.test: Finished testing: "./models\cnn-0".
2017-06-16 11:50:26.284: INFO: testing.test: Acc on TEST set:  0.202703
2017-06-16 11:50:26.302: INFO: cnn.train: ===================================================
2017-06-16 11:50:26.303: INFO: cnn.train: Training network: "./models\cnn-1" ...
2017-06-16 11:50:26.304: INFO: cnn.train: Preparing parameters and model...
2017-06-16 11:50:27.562: INFO: cnn.train: Running session...
2017-06-16 11:50:46.660: INFO: cnn.train: All 9 batches were used for training.
2017-06-16 11:50:46.660: INFO: cnn.train: Optimization Finished.
2017-06-16 11:50:46.662: INFO: cnn.train: Testing accuracy on training set: 
2017-06-16 11:50:48.426: INFO: cnn.train: Acc on TRAIN set: 0.648649
2017-06-16 11:50:53.556: INFO: cnn.train: Model saved in file: ./models\cnn-1
2017-06-16 11:50:53.592: INFO: testing.test: ===================================================
2017-06-16 11:50:53.592: INFO: testing.test: Testing network:  "./models\cnn-1" ...
2017-06-16 11:50:56.604: INFO: saver.restore: Restoring parameters from ./models\cnn-1
2017-06-16 11:50:59.520: INFO: testing.test: Finished testing: "./models\cnn-1".
2017-06-16 11:50:59.520: INFO: testing.test: Acc on TEST set:  0.297297
2017-06-16 11:50:59.546: INFO: cnn.train: ===================================================
2017-06-16 11:50:59.547: INFO: cnn.train: Training network: "./models\cnn-2" ...
2017-06-16 11:50:59.548: INFO: cnn.train: Preparing parameters and model...
2017-06-16 11:51:00.533: INFO: cnn.train: Running session...
2017-06-16 11:51:21.124: INFO: cnn.train: All 9 batches were used for training.
2017-06-16 11:51:21.125: INFO: cnn.train: Optimization Finished.
2017-06-16 11:51:21.126: INFO: cnn.train: Testing accuracy on training set: 
2017-06-16 11:51:22.874: INFO: cnn.train: Acc on TRAIN set: 0.540541
2017-06-16 11:51:30.834: INFO: cnn.train: Model saved in file: ./models\cnn-2
2017-06-16 11:51:30.886: INFO: testing.test: ===================================================
2017-06-16 11:51:30.886: INFO: testing.test: Testing network:  "./models\cnn-2" ...
2017-06-16 11:51:35.388: INFO: saver.restore: Restoring parameters from ./models\cnn-2
2017-06-16 11:51:38.875: INFO: testing.test: Finished testing: "./models\cnn-2".
2017-06-16 11:51:38.875: INFO: testing.test: Acc on TEST set:  0.121622
2017-06-16 11:51:38.915: INFO: cnn.train: ===================================================
2017-06-16 11:51:38.915: INFO: cnn.train: Training network: "./models\cnn-3" ...
2017-06-16 11:51:38.916: INFO: cnn.train: Preparing parameters and model...
2017-06-16 11:51:40.057: INFO: cnn.train: Running session...
2017-06-16 11:52:01.310: INFO: cnn.train: All 9 batches were used for training.
2017-06-16 11:52:01.310: INFO: cnn.train: Optimization Finished.
2017-06-16 11:52:01.311: INFO: cnn.train: Testing accuracy on training set: 
2017-06-16 11:52:03.097: INFO: cnn.train: Acc on TRAIN set: 0.0405405
2017-06-16 11:52:12.936: INFO: cnn.train: Model saved in file: ./models\cnn-3
2017-06-16 11:52:13.005: INFO: testing.test: ===================================================
2017-06-16 11:52:13.006: INFO: testing.test: Testing network:  "./models\cnn-3" ...
2017-06-16 11:52:19.780: INFO: saver.restore: Restoring parameters from ./models\cnn-3
2017-06-16 11:52:23.875: INFO: testing.test: Finished testing: "./models\cnn-3".
2017-06-16 11:52:23.875: INFO: testing.test: Acc on TEST set:  0.297297
2017-06-16 11:52:23.927: INFO: cnn.train: ===================================================
2017-06-16 11:52:23.928: INFO: cnn.train: Training network: "./models\cnn-4" ...
2017-06-16 11:52:23.929: INFO: cnn.train: Preparing parameters and model...
2017-06-16 11:52:25.229: INFO: cnn.train: Running session...
2017-06-16 11:52:47.098: INFO: cnn.train: All 9 batches were used for training.
2017-06-16 11:52:47.098: INFO: cnn.train: Optimization Finished.
2017-06-16 11:52:47.100: INFO: cnn.train: Testing accuracy on training set: 
2017-06-16 11:52:48.967: INFO: cnn.train: Acc on TRAIN set: 0.346154
2017-06-16 11:53:00.862: INFO: cnn.train: Model saved in file: ./models\cnn-4
2017-06-16 11:53:00.951: INFO: testing.test: ===================================================
2017-06-16 11:53:00.951: INFO: testing.test: Testing network:  "./models\cnn-4" ...
2017-06-16 11:53:10.421: INFO: saver.restore: Restoring parameters from ./models\cnn-4
2017-06-16 11:53:14.676: INFO: testing.test: Finished testing: "./models\cnn-4".
2017-06-16 11:53:14.677: INFO: testing.test: Acc on TEST set:  0.102564
2017-06-16 11:53:14.743: INFO: training.train: ===================================================
2017-06-16 11:53:14.744: INFO: training.train: =================Training Complete=================
2017-06-16 11:53:14.745: INFO: training.train: Network:     cnn
2017-06-16 11:53:14.747: INFO: training.train: Dataset:     dataset-1.txt
2017-06-16 11:53:14.748: INFO: training.train: Samples:     374
2017-06-16 11:53:14.748: INFO: training.train: Validation:  5-fold cross validation
2017-06-16 11:53:14.749: INFO: training.train: Accuracy:    [0.2027027, 0.2972973, 0.12162162, 0.2972973, 0.1025641]
2017-06-16 11:53:14.764: INFO: training.train: Average:     0.204297
2017-06-16 11:53:14.764: INFO: training.train: 0 error(s) caught during runtime
2017-06-16 11:53:14.765: INFO: training.train: ===================================================
2017-06-16 11:53:15.253: INFO: training.main: ===================================================
