2017-06-16 11:54:44.172: INFO: training.main: ===================================================
2017-06-16 11:54:44.173: INFO: training.main: With dropout = 0.85
2017-06-16 11:54:44.176: INFO: training.main: ===================================================
2017-06-16 11:54:44.178: INFO: training.train: Started training on dataset: "dataset-1.txt", network=cnn, batch_size=40, k=5, savedir="./models/"
2017-06-16 11:54:44.179: INFO: dataset.__init__: Preparing dataset: "dataset-1.txt" ...
2017-06-16 11:55:20.318: INFO: cnn.train: ===================================================
2017-06-16 11:55:20.319: INFO: cnn.train: Training network: "./models\cnn-0" ...
2017-06-16 11:55:20.320: INFO: cnn.train: Preparing parameters and model...
2017-06-16 11:55:21.492: INFO: cnn.train: Running session...
2017-06-16 11:55:41.754: INFO: cnn.train: All 9 batches were used for training.
2017-06-16 11:55:41.755: INFO: cnn.train: Optimization Finished.
2017-06-16 11:55:41.756: INFO: cnn.train: Testing accuracy on training set: 
2017-06-16 11:55:43.563: INFO: cnn.train: Acc on TRAIN set: 0.202703
2017-06-16 11:55:46.040: INFO: cnn.train: Model saved in file: ./models\cnn-0
2017-06-16 11:55:46.059: INFO: testing.test: ===================================================
2017-06-16 11:55:46.059: INFO: testing.test: Testing network:  "./models\cnn-0" ...
2017-06-16 11:55:47.430: INFO: saver.restore: Restoring parameters from ./models\cnn-0
2017-06-16 11:55:49.698: INFO: testing.test: Finished testing: "./models\cnn-0".
2017-06-16 11:55:49.698: INFO: testing.test: Acc on TEST set:  0.202703
2017-06-16 11:55:49.712: INFO: cnn.train: ===================================================
2017-06-16 11:55:49.712: INFO: cnn.train: Training network: "./models\cnn-1" ...
2017-06-16 11:55:49.712: INFO: cnn.train: Preparing parameters and model...
2017-06-16 11:55:50.944: INFO: cnn.train: Running session...
2017-06-16 11:56:10.488: INFO: cnn.train: All 9 batches were used for training.
2017-06-16 11:56:10.488: INFO: cnn.train: Optimization Finished.
2017-06-16 11:56:10.490: INFO: cnn.train: Testing accuracy on training set: 
2017-06-16 11:56:12.324: INFO: cnn.train: Acc on TRAIN set: 0.472973
2017-06-16 11:56:17.297: INFO: cnn.train: Model saved in file: ./models\cnn-1
2017-06-16 11:56:17.332: INFO: testing.test: ===================================================
2017-06-16 11:56:17.333: INFO: testing.test: Testing network:  "./models\cnn-1" ...
2017-06-16 11:56:20.328: INFO: saver.restore: Restoring parameters from ./models\cnn-1
2017-06-16 11:56:23.336: INFO: testing.test: Finished testing: "./models\cnn-1".
2017-06-16 11:56:23.336: INFO: testing.test: Acc on TEST set:  0.162162
2017-06-16 11:56:23.363: INFO: cnn.train: ===================================================
2017-06-16 11:56:23.363: INFO: cnn.train: Training network: "./models\cnn-2" ...
2017-06-16 11:56:23.364: INFO: cnn.train: Preparing parameters and model...
2017-06-16 11:56:24.348: INFO: cnn.train: Running session...
2017-06-16 11:56:44.745: INFO: cnn.train: All 9 batches were used for training.
2017-06-16 11:56:44.745: INFO: cnn.train: Optimization Finished.
2017-06-16 11:56:44.747: INFO: cnn.train: Testing accuracy on training set: 
2017-06-16 11:56:46.522: INFO: cnn.train: Acc on TRAIN set: 0.5
2017-06-16 11:56:53.963: INFO: cnn.train: Model saved in file: ./models\cnn-2
2017-06-16 11:56:54.017: INFO: testing.test: ===================================================
2017-06-16 11:56:54.017: INFO: testing.test: Testing network:  "./models\cnn-2" ...
2017-06-16 11:56:58.584: INFO: saver.restore: Restoring parameters from ./models\cnn-2
2017-06-16 11:57:02.140: INFO: testing.test: Finished testing: "./models\cnn-2".
2017-06-16 11:57:02.140: INFO: testing.test: Acc on TEST set:  0.27027
2017-06-16 11:57:02.181: INFO: cnn.train: ===================================================
2017-06-16 11:57:02.181: INFO: cnn.train: Training network: "./models\cnn-3" ...
2017-06-16 11:57:02.182: INFO: cnn.train: Preparing parameters and model...
2017-06-16 11:57:03.325: INFO: cnn.train: Running session...
2017-06-16 11:57:24.990: INFO: cnn.train: All 9 batches were used for training.
2017-06-16 11:57:24.991: INFO: cnn.train: Optimization Finished.
2017-06-16 11:57:24.992: INFO: cnn.train: Testing accuracy on training set: 
2017-06-16 11:57:26.789: INFO: cnn.train: Acc on TRAIN set: 0.608108
2017-06-16 11:57:36.448: INFO: cnn.train: Model saved in file: ./models\cnn-3
2017-06-16 11:57:36.517: INFO: testing.test: ===================================================
2017-06-16 11:57:36.517: INFO: testing.test: Testing network:  "./models\cnn-3" ...
2017-06-16 11:57:43.235: INFO: saver.restore: Restoring parameters from ./models\cnn-3
2017-06-16 11:57:47.262: INFO: testing.test: Finished testing: "./models\cnn-3".
2017-06-16 11:57:47.263: INFO: testing.test: Acc on TEST set:  0.364865
2017-06-16 11:57:47.317: INFO: cnn.train: ===================================================
2017-06-16 11:57:47.317: INFO: cnn.train: Training network: "./models\cnn-4" ...
2017-06-16 11:57:47.318: INFO: cnn.train: Preparing parameters and model...
2017-06-16 11:57:49.269: INFO: cnn.train: Running session...
2017-06-16 11:58:11.145: INFO: cnn.train: All 9 batches were used for training.
2017-06-16 11:58:11.145: INFO: cnn.train: Optimization Finished.
2017-06-16 11:58:11.146: INFO: cnn.train: Testing accuracy on training set: 
2017-06-16 11:58:13.055: INFO: cnn.train: Acc on TRAIN set: 0.551282
2017-06-16 11:58:25.904: INFO: cnn.train: Model saved in file: ./models\cnn-4
2017-06-16 11:58:25.988: INFO: testing.test: ===================================================
2017-06-16 11:58:25.989: INFO: testing.test: Testing network:  "./models\cnn-4" ...
2017-06-16 11:58:34.850: INFO: saver.restore: Restoring parameters from ./models\cnn-4
2017-06-16 11:58:39.833: INFO: testing.test: Finished testing: "./models\cnn-4".
2017-06-16 11:58:39.833: INFO: testing.test: Acc on TEST set:  0.217949
2017-06-16 11:58:39.899: INFO: training.train: ===================================================
2017-06-16 11:58:39.899: INFO: training.train: =================Training Complete=================
2017-06-16 11:58:39.899: INFO: training.train: Network:     cnn
2017-06-16 11:58:39.900: INFO: training.train: Dataset:     dataset-1.txt
2017-06-16 11:58:39.900: INFO: training.train: Samples:     374
2017-06-16 11:58:39.900: INFO: training.train: Validation:  5-fold cross validation
2017-06-16 11:58:39.901: INFO: training.train: Accuracy:    [0.2027027, 0.16216215, 0.27027026, 0.36486486, 0.21794872]
2017-06-16 11:58:39.922: INFO: training.train: Average:     0.24359
2017-06-16 11:58:39.923: INFO: training.train: 0 error(s) caught during runtime
2017-06-16 11:58:39.923: INFO: training.train: ===================================================
2017-06-16 11:58:40.453: INFO: training.main: ========================