2017-06-16 11:37:54.801: INFO: training.main: ===================================================
2017-06-16 11:37:54.801: INFO: training.main: With dropout = 0.75, fourth try
2017-06-16 11:37:54.802: INFO: training.main: ===================================================
2017-06-16 11:37:54.805: INFO: training.train: Started training on dataset: "dataset-1.txt", network=cnn, batch_size=40, k=5, savedir="./models/"
2017-06-16 11:37:54.805: INFO: dataset.__init__: Preparing dataset: "dataset-1.txt" ...
2017-06-16 11:38:29.662: INFO: cnn.train: ===================================================
2017-06-16 11:38:29.662: INFO: cnn.train: Training network: "./models\cnn-0" ...
2017-06-16 11:38:29.664: INFO: cnn.train: Preparing parameters and model...
2017-06-16 11:38:30.826: INFO: cnn.train: Running session...
2017-06-16 11:38:50.011: INFO: cnn.train: All 9 batches were used for training.
2017-06-16 11:38:50.011: INFO: cnn.train: Optimization Finished.
2017-06-16 11:38:50.013: INFO: cnn.train: Testing accuracy on training set: 
2017-06-16 11:38:51.813: INFO: cnn.train: Acc on TRAIN set: 0.581081
2017-06-16 11:38:54.473: INFO: cnn.train: Model saved in file: ./models\cnn-0
2017-06-16 11:38:54.508: INFO: testing.test: ===================================================
2017-06-16 11:38:54.509: INFO: testing.test: Testing network:  "./models\cnn-0" ...
2017-06-16 11:38:55.893: INFO: saver.restore: Restoring parameters from ./models\cnn-0
2017-06-16 11:38:58.030: INFO: testing.test: Finished testing: "./models\cnn-0".
2017-06-16 11:38:58.030: INFO: testing.test: Acc on TEST set:  0.581081
2017-06-16 11:38:58.044: INFO: cnn.train: ===================================================
2017-06-16 11:38:58.044: INFO: cnn.train: Training network: "./models\cnn-1" ...
2017-06-16 11:38:58.045: INFO: cnn.train: Preparing parameters and model...
2017-06-16 11:38:59.266: INFO: cnn.train: Running session...
2017-06-16 11:39:19.051: INFO: cnn.train: All 9 batches were used for training.
2017-06-16 11:39:19.052: INFO: cnn.train: Optimization Finished.
2017-06-16 11:39:19.053: INFO: cnn.train: Testing accuracy on training set: 
2017-06-16 11:39:20.875: INFO: cnn.train: Acc on TRAIN set: 0.283784
2017-06-16 11:39:25.687: INFO: cnn.train: Model saved in file: ./models\cnn-1
2017-06-16 11:39:25.725: INFO: testing.test: ===================================================
2017-06-16 11:39:25.725: INFO: testing.test: Testing network:  "./models\cnn-1" ...
2017-06-16 11:39:28.715: INFO: saver.restore: Restoring parameters from ./models\cnn-1
2017-06-16 11:39:31.623: INFO: testing.test: Finished testing: "./models\cnn-1".
2017-06-16 11:39:31.623: INFO: testing.test: Acc on TEST set:  0.540541
2017-06-16 11:39:31.649: INFO: cnn.train: ===================================================
2017-06-16 11:39:31.649: INFO: cnn.train: Training network: "./models\cnn-2" ...
2017-06-16 11:39:31.650: INFO: cnn.train: Preparing parameters and model...
2017-06-16 11:39:32.649: INFO: cnn.train: Running session...
2017-06-16 11:39:54.169: INFO: cnn.train: All 9 batches were used for training.
2017-06-16 11:39:54.169: INFO: cnn.train: Optimization Finished.
2017-06-16 11:39:54.170: INFO: cnn.train: Testing accuracy on training set: 
2017-06-16 11:39:55.960: INFO: cnn.train: Acc on TRAIN set: 0.310811
2017-06-16 11:40:04.107: INFO: cnn.train: Model saved in file: ./models\cnn-2
2017-06-16 11:40:04.168: INFO: testing.test: ===================================================
2017-06-16 11:40:04.168: INFO: testing.test: Testing network:  "./models\cnn-2" ...
2017-06-16 11:40:08.705: INFO: saver.restore: Restoring parameters from ./models\cnn-2
2017-06-16 11:40:12.200: INFO: testing.test: Finished testing: "./models\cnn-2".
2017-06-16 11:40:12.201: INFO: testing.test: Acc on TEST set:  0.297297
2017-06-16 11:40:12.256: INFO: cnn.train: ===================================================
2017-06-16 11:40:12.257: INFO: cnn.train: Training network: "./models\cnn-3" ...
2017-06-16 11:40:12.257: INFO: cnn.train: Preparing parameters and model...
2017-06-16 11:40:13.383: INFO: cnn.train: Running session...
2017-06-16 11:40:35.173: INFO: cnn.train: All 9 batches were used for training.
2017-06-16 11:40:35.174: INFO: cnn.train: Optimization Finished.
2017-06-16 11:40:35.175: INFO: cnn.train: Testing accuracy on training set: 
2017-06-16 11:40:37.001: INFO: cnn.train: Acc on TRAIN set: 0.540541
2017-06-16 11:40:47.551: INFO: cnn.train: Model saved in file: ./models\cnn-3
2017-06-16 11:40:47.620: INFO: testing.test: ===================================================
2017-06-16 11:40:47.621: INFO: testing.test: Testing network:  "./models\cnn-3" ...
2017-06-16 11:40:54.255: INFO: saver.restore: Restoring parameters from ./models\cnn-3
2017-06-16 11:40:58.372: INFO: testing.test: Finished testing: "./models\cnn-3".
2017-06-16 11:40:58.373: INFO: testing.test: Acc on TEST set:  0.459459
2017-06-16 11:40:58.425: INFO: cnn.train: ===================================================
2017-06-16 11:40:58.425: INFO: cnn.train: Training network: "./models\cnn-4" ...
2017-06-16 11:40:58.427: INFO: cnn.train: Preparing parameters and model...
2017-06-16 11:41:00.389: INFO: cnn.train: Running session...
2017-06-16 11:41:23.059: INFO: cnn.train: All 9 batches were used for training.
2017-06-16 11:41:23.060: INFO: cnn.train: Optimization Finished.
2017-06-16 11:41:23.061: INFO: cnn.train: Testing accuracy on training set: 
2017-06-16 11:41:24.951: INFO: cnn.train: Acc on TRAIN set: 0.487179
2017-06-16 11:41:40.024: INFO: cnn.train: Model saved in file: ./models\cnn-4
2017-06-16 11:41:40.109: INFO: testing.test: ===================================================
2017-06-16 11:41:40.109: INFO: testing.test: Testing network:  "./models\cnn-4" ...
2017-06-16 11:41:48.860: INFO: saver.restore: Restoring parameters from ./models\cnn-4
2017-06-16 11:41:53.749: INFO: testing.test: Finished testing: "./models\cnn-4".
2017-06-16 11:41:53.749: INFO: testing.test: Acc on TEST set:  0.24359
2017-06-16 11:41:53.818: INFO: training.train: ===================================================
2017-06-16 11:41:53.818: INFO: training.train: =================Training Complete=================
2017-06-16 11:41:53.819: INFO: training.train: Network:     cnn
2017-06-16 11:41:53.819: INFO: training.train: Dataset:     dataset-1.txt
2017-06-16 11:41:53.819: INFO: training.train: Samples:     374
2017-06-16 11:41:53.819: INFO: training.train: Validation:  5-fold cross validation
2017-06-16 11:41:53.820: INFO: training.train: Accuracy:    [0.58108109, 0.54054052, 0.2972973, 0.45945945, 0.24358974]
2017-06-16 11:41:53.840: INFO: training.train: Average:     0.424394
2017-06-16 11:41:53.840: INFO: training.train: 0 error(s) caught during runtime
2017-06-16 11:41:53.840: INFO: training.train: ===================================================
2017-06-16 11:41:54.372: INFO: training.main: ===================================================
